[35m[Appium][39m Welcome to Appium v1.22.3
[35m[Appium][39m Non-default server args:
[35m[Appium][39m   port: 52106
[35m[Appium][39m   loglevel: info
[35m[Appium][39m   tmpDir: C:\Users\095050\AppData\Local\Temp\\Katalon\Appium\Temp1657388839972
[35m[Appium][39m   chromedriverPort: 52107
[35m[Appium][39m Deprecated server args:
[35m[Appium][39m   [31m--chromedriver-port[39m => --default-capabilities
[35m[Appium][39m Default capabilities, which will be added to each request unless overridden by desired capabilities:
[35m[Appium][39m   chromedriverPort: 52107
[35m[Appium][39m Appium REST http interface listener started on 0.0.0.0:52106
[35m[HTTP][39m [37m-->[39m [37mGET[39m [37m/wd/hub/status[39m
[35m[HTTP][39m [90m{}[39m
[35m[HTTP][39m [37m<-- GET /wd/hub/status [39m[32m200[39m [90m10 ms - 68[39m
[35m[HTTP][39m [90m[39m
[35m[HTTP][39m [37m-->[39m [37mGET[39m [37m/wd/hub/status[39m
[35m[HTTP][39m [90m{}[39m
[35m[HTTP][39m [37m<-- GET /wd/hub/status [39m[32m200[39m [90m2 ms - 68[39m
[35m[HTTP][39m [90m[39m
[35m[HTTP][39m [37m-->[39m [37mPOST[39m [37m/wd/hub/session[39m
[35m[HTTP][39m [90m{"desiredCapabilities":{"app":"C:\\Users\\095050\\Documents\\BootCamp Hacktiv8 x BFI\\KATALON\\Assignment\\Yusuf_Assignment03\\Assignment_MobileAPI\\APK\\ECommerce -SAMPLE-Android.apk","noReset":true,"deviceName":" Google (Android 7.0)","fullReset":false,"platform":"ANDROID","newCommandTimeout":1800,"platformVersion":"7.0","automationName":"uiautomator2","autoGrantPermissions":true,"platformName":"Android","udid":"192.168.35.101:5555","systemPort":52113},"capabilities":{"firstMatch":[{"appium:app":"C:\\Users\\095050\\Documents\\BootCamp Hacktiv8 x BFI\\KATALON\\Assignment\\Yusuf_Assignment03\\Assignment_MobileAPI\\APK\\ECommerce -SAMPLE-Android.apk","appium:autoGrantPermissions":true,"appium:automationName":"uiautomator2","appium:deviceName":" Google (Android 7.0)","appium:fullReset":false,"appium:newCommandTimeout":1800,"appium:noReset":true,"platform":"ANDROID","platformName":"android","appium:platformVersion":"7.0","appium:systemPort":52113,"appium:udid":"192.168.35.101:5555"}]}}[39m
[35m[BaseDriver][39m The following capabilities are not standard capabilities and should have an extension prefix:
[35m[BaseDriver][39m   platform
[35m[BaseDriver][39m   chromedriverPort
[35m[Appium][39m Appium v1.22.3 creating new AndroidUiautomator2Driver (v1.70.1) session
[35m[BaseDriver][39m The following capabilities were provided, but are not recognized by Appium:
[35m[BaseDriver][39m   platform
[35m[BaseDriver][39m Session created with session id: 8ad9f185-b061-4787-8318-0f2bfb190e6d
[35m[BaseDriver][39m Using local app 'C:\Users\095050\Documents\BootCamp Hacktiv8 x BFI\KATALON\Assignment\Yusuf_Assignment03\Assignment_MobileAPI\APK\ECommerce -SAMPLE-Android.apk'
[35m[ADB][39m Found 1 'build-tools' folders under 'C:\Users\095050\.katalon\tools\android_sdk' (newest first):
[35m[ADB][39m     C:/Users/095050/.katalon/tools/android_sdk/build-tools/29.0.3
[35m[ADB][39m Using 'adb.exe' from 'C:\Users\095050\.katalon\tools\android_sdk\platform-tools\adb.exe'
[35m[AndroidDriver][39m Retrieving device list
[35m[AndroidDriver][39m Using device: 192.168.35.101:5555
[35m[ADB][39m Using 'adb.exe' from 'C:\Users\095050\.katalon\tools\android_sdk\platform-tools\adb.exe'
[35m[ADB][39m Package name: 'com.solodroid.solomerce'
[35m[ADB][39m Main activity name: 'com.solodroid.solomerce.activities.ActivitySplash'
[35m[ADB][39m Using 'apksigner.jar' from 'C:\Users\095050\.katalon\tools\android_sdk\build-tools\29.0.3\lib\apksigner.jar'
[35m[ADB][39m 'C:\Users\095050\AppData\Roaming\npm\node_modules\appium\node_modules\appium-uiautomator2-server\apks\appium-uiautomator2-server-v4.27.0.apk' is signed with the default certificate
[35m[ADB][39m 'C:\Users\095050\AppData\Roaming\npm\node_modules\appium\node_modules\appium-uiautomator2-server\apks\appium-uiautomator2-server-debug-androidTest.apk' is signed with the default certificate
[35m[UiAutomator2][39m Server packages are not going to be (re)installed
[35m[ADB][39m Adding packages ["io.appium.settings","io.appium.uiautomator2.server","io.appium.uiautomator2.server.test"] to Doze whitelist
[35m[ADB][39m 'C:\Users\095050\Documents\BootCamp Hacktiv8 x BFI\KATALON\Assignment\Yusuf_Assignment03\Assignment_MobileAPI\APK\ECommerce -SAMPLE-Android.apk' is signed with a non-default certificate
[35m[ADB][39m The application at 'C:\Users\095050\Documents\BootCamp Hacktiv8 x BFI\KATALON\Assignment\Yusuf_Assignment03\Assignment_MobileAPI\APK\ECommerce -SAMPLE-Android.apk' will not be cached, because the device under test has confirmed the support of streamed installs
[35m[ADB][39m The installation of 'ECommerce -SAMPLE-Android.apk' took 1812ms
[35m[UiAutomator2][39m Starting UIAutomator2 server 4.27.0
[35m[UiAutomator2][39m Using UIAutomator2 server from 'C:\Users\095050\AppData\Roaming\npm\node_modules\appium\node_modules\appium-uiautomator2-server\apks\appium-uiautomator2-server-v4.27.0.apk' and test from 'C:\Users\095050\AppData\Roaming\npm\node_modules\appium\node_modules\appium-uiautomator2-server\apks\appium-uiautomator2-server-debug-androidTest.apk'
[35m[UiAutomator2][39m Waiting up to 30000ms for UiAutomator2 to be online...
[35m[WD Proxy][39m socket hang up
[35m[WD Proxy][39m socket hang up
[35m[WD Proxy][39m socket hang up
[35m[WD Proxy][39m Determined the downstream protocol as 'W3C'
[35m[AndroidDriver][39m Screen already unlocked, doing nothing
[35m[UiAutomator2][39m Starting 'com.solodroid.solomerce/com.solodroid.solomerce.activities.ActivitySplash and waiting for 'com.solodroid.solomerce/com.solodroid.solomerce.activities.ActivitySplash'
[35m[Appium][39m New AndroidUiautomator2Driver session created successfully, session 8ad9f185-b061-4787-8318-0f2bfb190e6d added to master session list
[35m[HTTP][39m [37m<-- POST /wd/hub/session [39m[32m200[39m [90m15213 ms - 1487[39m
[35m[HTTP][39m [90m[39m
[35m[HTTP][39m [37m-->[39m [37mGET[39m [37m/wd/hub/session/8ad9f185-b061-4787-8318-0f2bfb190e6d[39m
[35m[HTTP][39m [90m{}[39m
[35m[HTTP][39m [37m<-- GET /wd/hub/session/8ad9f185-b061-4787-8318-0f2bfb190e6d [39m[32m200[39m [90m30 ms - 1441[39m
[35m[HTTP][39m [90m[39m
[35m[HTTP][39m [37m-->[39m [37mGET[39m [37m/wd/hub/session/8ad9f185-b061-4787-8318-0f2bfb190e6d[39m
[35m[HTTP][39m [90m{}[39m
[35m[HTTP][39m [37m<-- GET /wd/hub/session/8ad9f185-b061-4787-8318-0f2bfb190e6d [39m[32m200[39m [90m31 ms - 1441[39m
[35m[HTTP][39m [90m[39m
[35m[HTTP][39m [37m-->[39m [37mGET[39m [37m/wd/hub/status[39m
[35m[HTTP][39m [90m{}[39m
[35m[HTTP][39m [37m<-- GET /wd/hub/status [39m[32m200[39m [90m4 ms - 68[39m
[35m[HTTP][39m [90m[39m
[35m[HTTP][39m [37m-->[39m [37mPOST[39m [37m/wd/hub/session/8ad9f185-b061-4787-8318-0f2bfb190e6d/timeouts[39m
[35m[HTTP][39m [90m{"implicit":60000}[39m
[35m[HTTP][39m [37m<-- POST /wd/hub/session/8ad9f185-b061-4787-8318-0f2bfb190e6d/timeouts [39m[32m200[39m [90m14 ms - 14[39m
[35m[HTTP][39m [90m[39m
[35m[HTTP][39m [37m-->[39m [37mGET[39m [37m/wd/hub/session/8ad9f185-b061-4787-8318-0f2bfb190e6d/source[39m
[35m[HTTP][39m [90m{}[39m
[35m[W3C (8ad9f185)][39m Driver proxy active, passing request on via HTTP proxy
[35m[WD Proxy][39m Replacing sessionId 66198f80-9e8f-432e-9549-f07ec1a98998 with 8ad9f185-b061-4787-8318-0f2bfb190e6d
[35m[HTTP][39m [37m<-- GET /wd/hub/session/8ad9f185-b061-4787-8318-0f2bfb190e6d/source [39m[32m200[39m [90m131 ms - 3679[39m
[35m[HTTP][39m [90m[39m
[35m[HTTP][39m [37m-->[39m [37mGET[39m [37m/wd/hub/session/8ad9f185-b061-4787-8318-0f2bfb190e6d/screenshot[39m
[35m[HTTP][39m [90m{}[39m
[35m[HTTP][39m [37m<-- GET /wd/hub/session/8ad9f185-b061-4787-8318-0f2bfb190e6d/screenshot [39m[32m200[39m [90m1675 ms - 425220[39m
[35m[HTTP][39m [90m[39m
[35m[BaseDriver][39m Shutting down because we waited 1800 seconds for a command
[35m[Appium][39m Closing session, cause was 'New Command Timeout of 1800 seconds expired. Try customizing the timeout using the 'newCommandTimeout' desired capability'
[35m[Appium][39m Removing session '8ad9f185-b061-4787-8318-0f2bfb190e6d' from our master session list
